<?xml version="1.0" encoding="UTF-8"?>
<robot generator="Robot 6.1.1 (Python 3.11.4 on win32)" generated="20231028 01:08:23.746" rpa="true" schemaversion="4">
<suite id="s1" name="Rolex" source="C:\Users\Porhong\Desktop\Attc\Att\Rolex">
<suite id="s1-s1" name="Rolex copy 2" source="C:\Users\Porhong\Desktop\Attc\Att\Rolex\Rolex copy 2.robot">
<test id="s1-s1-t1" name="loop" line="14">
<kw name="Set Selenium Speed" library="SeleniumLibrary">
<arg>0.3sec</arg>
<doc>Sets the delay that is waited after each Selenium command.</doc>
<status status="PASS" starttime="20231028 01:08:25.027" endtime="20231028 01:08:25.027"/>
</kw>
<kw name="Open Browser To Login Page">
<kw name="Open Browser" library="SeleniumLibrary">
<arg>${LOGIN URL}</arg>
<arg>${BROWSER}</arg>
<doc>Opens a new browser instance to the optional ``url``.</doc>
<msg timestamp="20231028 01:08:25.041" level="INFO">Opening browser 'Chrome' to base url 'https://www.rolexoffice.asia/rolex-datejust-yellow-gold-diamonds?fbclid=IwAR1BuIXDKEf24Z7_ZPyX-ol4g2rRBUrf88QsNCfP687wiAdf628qoIF_l0U&amp;utm_campaign=po8%20-%20rolex%20yellow%20gold%20-%201%20-%20cam'.</msg>
<status status="PASS" starttime="20231028 01:08:25.027" endtime="20231028 01:08:39.736"/>
</kw>
<status status="PASS" starttime="20231028 01:08:25.027" endtime="20231028 01:08:39.737"/>
</kw>
<while condition="True">
<iter>
<kw name="Country" library="FakerLibrary">
<var>${country}</var>
<msg timestamp="20231028 01:08:39.737" level="INFO">${country} = Saint Vincent and the Grenadines</msg>
<status status="PASS" starttime="20231028 01:08:39.737" endtime="20231028 01:08:39.737"/>
</kw>
<kw name="Name" library="FakerLibrary">
<var>${name}</var>
<doc>:example: 'John Doe'</doc>
<msg timestamp="20231028 01:08:39.741" level="INFO">${name} = Ashley Robertson</msg>
<status status="PASS" starttime="20231028 01:08:39.737" endtime="20231028 01:08:39.741"/>
</kw>
<kw name="Phone Number" library="FakerLibrary">
<var>${phone}</var>
<msg timestamp="20231028 01:08:39.744" level="INFO">${phone} = (668)409-2321x4925</msg>
<status status="PASS" starttime="20231028 01:08:39.741" endtime="20231028 01:08:39.744"/>
</kw>
<kw name="Address" library="FakerLibrary">
<var>${address}</var>
<doc>:example: '791 Crist Parks, Sashabury, IL 86039-9874'</doc>
<msg timestamp="20231028 01:08:39.750" level="INFO">${address} = 917 Christine Hollow Apt. 886
Steventon, CO 06885</msg>
<status status="PASS" starttime="20231028 01:08:39.744" endtime="20231028 01:08:39.751"/>
</kw>
<kw name="Sleep" library="BuiltIn">
<arg>1sec</arg>
<doc>Pauses the test executed for the given time.</doc>
<msg timestamp="20231028 01:08:40.753" level="INFO">Slept 1 second</msg>
<status status="PASS" starttime="20231028 01:08:39.751" endtime="20231028 01:08:40.754"/>
</kw>
<kw name="check">
<arg>(//p[@class='ladi-headline'][contains(text(),'ទិញ​ឥឡូវនេះ')])[1]</arg>
<kw name="Click Element" library="SeleniumLibrary">
<arg>${check}</arg>
<doc>Click the element identified by ``locator``.</doc>
<msg timestamp="20231028 01:08:40.757" level="INFO">Clicking element '(//p[@class='ladi-headline'][contains(text(),'ទិញ​ឥឡូវនេះ')])[1]'.</msg>
<status status="PASS" starttime="20231028 01:08:40.755" endtime="20231028 01:08:41.504"/>
</kw>
<status status="PASS" starttime="20231028 01:08:40.755" endtime="20231028 01:08:41.505"/>
</kw>
<kw name="Sleep" library="BuiltIn">
<arg>1sec</arg>
<doc>Pauses the test executed for the given time.</doc>
<msg timestamp="20231028 01:08:42.507" level="INFO">Slept 1 second</msg>
<status status="PASS" starttime="20231028 01:08:41.505" endtime="20231028 01:08:42.507"/>
</kw>
<kw name="Fill_in">
<arg>(//input[@placeholder='ប្រទេស​របស់​អ្នក'])[1]</arg>
<arg>${country}</arg>
<kw name="Input Text" library="SeleniumLibrary">
<arg>${txt_value}</arg>
<arg>${value}</arg>
<doc>Types the given ``text`` into the text field identified by ``locator``.</doc>
<msg timestamp="20231028 01:08:42.514" level="INFO">Typing text 'Saint Vincent and the Grenadines' into text field '(//input[@placeholder='ប្រទេស​របស់​អ្នក'])[1]'.</msg>
<status status="PASS" starttime="20231028 01:08:42.511" endtime="20231028 01:08:43.564"/>
</kw>
<status status="PASS" starttime="20231028 01:08:42.507" endtime="20231028 01:08:43.564"/>
</kw>
<kw name="Fill_in">
<arg>(//input[@placeholder='នាមត្រកូល​និង​ឈ្មោះ'])[1]</arg>
<arg>${name}</arg>
<kw name="Input Text" library="SeleniumLibrary">
<arg>${txt_value}</arg>
<arg>${value}</arg>
<doc>Types the given ``text`` into the text field identified by ``locator``.</doc>
<msg timestamp="20231028 01:08:43.571" level="INFO">Typing text 'Ashley Robertson' into text field '(//input[@placeholder='នាមត្រកូល​និង​ឈ្មោះ'])[1]'.</msg>
<status status="PASS" starttime="20231028 01:08:43.564" endtime="20231028 01:08:44.644"/>
</kw>
<status status="PASS" starttime="20231028 01:08:43.564" endtime="20231028 01:08:44.644"/>
</kw>
<kw name="Fill_in">
<arg>(//input[@placeholder='លេខទូរសព្ទ'])[1]</arg>
<arg>${phone}</arg>
<kw name="Input Text" library="SeleniumLibrary">
<arg>${txt_value}</arg>
<arg>${value}</arg>
<doc>Types the given ``text`` into the text field identified by ``locator``.</doc>
<msg timestamp="20231028 01:08:44.644" level="INFO">Typing text '(668)409-2321x4925' into text field '(//input[@placeholder='លេខទូរសព្ទ'])[1]'.</msg>
<status status="PASS" starttime="20231028 01:08:44.644" endtime="20231028 01:08:45.775"/>
</kw>
<status status="PASS" starttime="20231028 01:08:44.644" endtime="20231028 01:08:45.775"/>
</kw>
<kw name="Fill_in">
<arg>(//input[@placeholder='អាស័យដ្ឋាន'])[1]</arg>
<arg>${address}</arg>
<kw name="Input Text" library="SeleniumLibrary">
<arg>${txt_value}</arg>
<arg>${value}</arg>
<doc>Types the given ``text`` into the text field identified by ``locator``.</doc>
<msg timestamp="20231028 01:08:45.785" level="INFO">Typing text '917 Christine Hollow Apt. 886
Steventon, CO 06885' into text field '(//input[@placeholder='អាស័យដ្ឋាន'])[1]'.</msg>
<status status="PASS" starttime="20231028 01:08:45.775" endtime="20231028 01:08:46.962"/>
</kw>
<status status="PASS" starttime="20231028 01:08:45.775" endtime="20231028 01:08:46.962"/>
</kw>
<kw name="check">
<arg>(//input[@value='ទិញ 1 តម្លៃ $69 + ដឹកជញ្ជូនឥតគិតថ្លៃ'])[1]</arg>
<kw name="Click Element" library="SeleniumLibrary">
<arg>${check}</arg>
<doc>Click the element identified by ``locator``.</doc>
<msg timestamp="20231028 01:08:46.966" level="INFO">Clicking element '(//input[@value='ទិញ 1 តម្លៃ $69 + ដឹកជញ្ជូនឥតគិតថ្លៃ'])[1]'.</msg>
<status status="PASS" starttime="20231028 01:08:46.965" endtime="20231028 01:08:47.686"/>
</kw>
<status status="PASS" starttime="20231028 01:08:46.963" endtime="20231028 01:08:47.686"/>
</kw>
<kw name="check">
<arg>(//input[@value='ទិញ 2 តំលៃ $99 + ដឹកជញ្ជូនឥតគិតថ្លៃ'])[1]</arg>
<kw name="Click Element" library="SeleniumLibrary">
<arg>${check}</arg>
<doc>Click the element identified by ``locator``.</doc>
<msg timestamp="20231028 01:08:47.691" level="INFO">Clicking element '(//input[@value='ទិញ 2 តំលៃ $99 + ដឹកជញ្ជូនឥតគិតថ្លៃ'])[1]'.</msg>
<status status="PASS" starttime="20231028 01:08:47.688" endtime="20231028 01:08:48.389"/>
</kw>
<status status="PASS" starttime="20231028 01:08:47.686" endtime="20231028 01:08:48.389"/>
</kw>
<kw name="check">
<arg>(//input[@value='ទិញ 3 តំលៃ $129 + ដឹកជញ្ជូនឥតគិតថ្លៃ'])[1]</arg>
<kw name="Click Element" library="SeleniumLibrary">
<arg>${check}</arg>
<doc>Click the element identified by ``locator``.</doc>
<msg timestamp="20231028 01:08:48.393" level="INFO">Clicking element '(//input[@value='ទិញ 3 តំលៃ $129 + ដឹកជញ្ជូនឥតគិតថ្លៃ'])[1]'.</msg>
<status status="PASS" starttime="20231028 01:08:48.391" endtime="20231028 01:08:49.118"/>
</kw>
<status status="PASS" starttime="20231028 01:08:48.389" endtime="20231028 01:08:49.119"/>
</kw>
<kw name="submit">
<arg>(//p[@class='ladi-headline'][contains(text(),'ទិញ​ឥឡូវនេះ')])[2]</arg>
<kw name="Click Element" library="SeleniumLibrary">
<arg>${btn_submit}</arg>
<doc>Click the element identified by ``locator``.</doc>
<msg timestamp="20231028 01:08:49.126" level="INFO">Clicking element '(//p[@class='ladi-headline'][contains(text(),'ទិញ​ឥឡូវនេះ')])[2]'.</msg>
<status status="PASS" starttime="20231028 01:08:49.122" endtime="20231028 01:08:49.972"/>
</kw>
<status status="PASS" starttime="20231028 01:08:49.119" endtime="20231028 01:08:49.972"/>
</kw>
<kw name="Wait Until Element Is Visible" library="SeleniumLibrary">
<arg>(//h3[contains(text(),'Thank you')])[1]</arg>
<doc>Waits until the element ``locator`` is visible.</doc>
<msg timestamp="20231028 01:08:56.131" level="INFO" html="true">&lt;/td&gt;&lt;/tr&gt;&lt;tr&gt;&lt;td colspan="3"&gt;&lt;a href="selenium-screenshot-1.png"&gt;&lt;img src="selenium-screenshot-1.png" width="800px"&gt;&lt;/a&gt;</msg>
<msg timestamp="20231028 01:08:56.131" level="FAIL">Element '(//h3[contains(text(),'Thank you')])[1]' not visible after 5 seconds.</msg>
<status status="FAIL" starttime="20231028 01:08:49.972" endtime="20231028 01:08:56.136"/>
</kw>
<kw name="Sleep" library="BuiltIn">
<arg>1sec</arg>
<doc>Pauses the test executed for the given time.</doc>
<status status="NOT RUN" starttime="20231028 01:08:56.136" endtime="20231028 01:08:56.138"/>
</kw>
<kw name="Go To" library="SeleniumLibrary">
<arg>${LOGIN URL}</arg>
<doc>Navigates the current browser window to the provided ``url``.</doc>
<status status="NOT RUN" starttime="20231028 01:08:56.139" endtime="20231028 01:08:56.139"/>
</kw>
<kw name="Sleep" library="BuiltIn">
<arg>1sec</arg>
<doc>Pauses the test executed for the given time.</doc>
<status status="NOT RUN" starttime="20231028 01:08:56.139" endtime="20231028 01:08:56.139"/>
</kw>
<status status="FAIL" starttime="20231028 01:08:39.737" endtime="20231028 01:08:56.139"/>
</iter>
<status status="FAIL" starttime="20231028 01:08:39.737" endtime="20231028 01:08:56.139"/>
</while>
<status status="FAIL" starttime="20231028 01:08:25.027" endtime="20231028 01:08:56.139">Element '(//h3[contains(text(),'Thank you')])[1]' not visible after 5 seconds.</status>
</test>
<doc>Phone Charger</doc>
<status status="FAIL" starttime="20231028 01:08:23.775" endtime="20231028 01:08:56.145"/>
</suite>
<status status="FAIL" starttime="20231028 01:08:23.759" endtime="20231028 01:08:56.147"/>
</suite>
<statistics>
<total>
<stat pass="0" fail="1" skip="0">All Tasks</stat>
</total>
<tag>
</tag>
<suite>
<stat pass="0" fail="1" skip="0" id="s1" name="Rolex">Rolex</stat>
<stat pass="0" fail="1" skip="0" id="s1-s1" name="Rolex copy 2">Rolex.Rolex copy 2</stat>
</suite>
</statistics>
<errors>
</errors>
</robot>
