<?xml version="1.0" encoding="UTF-8"?>
<robot generator="Robot 6.1.1 (Python 3.11.4 on win32)" generated="20231028 01:08:23.739" rpa="true" schemaversion="4">
<suite id="s1" name="Rolex" source="C:\Users\Porhong\Desktop\Attc\Att\Rolex">
<suite id="s1-s1" name="Rolex" source="C:\Users\Porhong\Desktop\Attc\Att\Rolex\Rolex.robot">
<test id="s1-s1-t1" name="loop" line="14">
<kw name="Set Selenium Speed" library="SeleniumLibrary">
<arg>0.3sec</arg>
<doc>Sets the delay that is waited after each Selenium command.</doc>
<status status="PASS" starttime="20231028 01:08:25.011" endtime="20231028 01:08:25.011"/>
</kw>
<kw name="Open Browser To Login Page">
<kw name="Open Browser" library="SeleniumLibrary">
<arg>${LOGIN URL}</arg>
<arg>${BROWSER}</arg>
<doc>Opens a new browser instance to the optional ``url``.</doc>
<msg timestamp="20231028 01:08:25.024" level="INFO">Opening browser 'Chrome' to base url 'https://www.rolexoffice.asia/rolex-datejust-yellow-gold-diamonds?fbclid=IwAR1BuIXDKEf24Z7_ZPyX-ol4g2rRBUrf88QsNCfP687wiAdf628qoIF_l0U&amp;utm_campaign=po8%20-%20rolex%20yellow%20gold%20-%201%20-%20cam'.</msg>
<status status="PASS" starttime="20231028 01:08:25.011" endtime="20231028 01:08:37.649"/>
</kw>
<status status="PASS" starttime="20231028 01:08:25.011" endtime="20231028 01:08:37.649"/>
</kw>
<while condition="True">
<iter>
<kw name="Country" library="FakerLibrary">
<var>${country}</var>
<msg timestamp="20231028 01:08:37.652" level="INFO">${country} = Uruguay</msg>
<status status="PASS" starttime="20231028 01:08:37.652" endtime="20231028 01:08:37.653"/>
</kw>
<kw name="Name" library="FakerLibrary">
<var>${name}</var>
<doc>:example: 'John Doe'</doc>
<msg timestamp="20231028 01:08:37.655" level="INFO">${name} = Teresa Stevenson</msg>
<status status="PASS" starttime="20231028 01:08:37.653" endtime="20231028 01:08:37.656"/>
</kw>
<kw name="Phone Number" library="FakerLibrary">
<var>${phone}</var>
<msg timestamp="20231028 01:08:37.657" level="INFO">${phone} = 414-200-9866</msg>
<status status="PASS" starttime="20231028 01:08:37.656" endtime="20231028 01:08:37.657"/>
</kw>
<kw name="Address" library="FakerLibrary">
<var>${address}</var>
<doc>:example: '791 Crist Parks, Sashabury, IL 86039-9874'</doc>
<msg timestamp="20231028 01:08:37.660" level="INFO">${address} = 0484 Hobbs Mountains Suite 807
North Stevenberg, GU 88436</msg>
<status status="PASS" starttime="20231028 01:08:37.658" endtime="20231028 01:08:37.660"/>
</kw>
<kw name="Sleep" library="BuiltIn">
<arg>1sec</arg>
<doc>Pauses the test executed for the given time.</doc>
<msg timestamp="20231028 01:08:38.661" level="INFO">Slept 1 second</msg>
<status status="PASS" starttime="20231028 01:08:37.660" endtime="20231028 01:08:38.661"/>
</kw>
<kw name="check">
<arg>(//p[@class='ladi-headline'][contains(text(),'ទិញ​ឥឡូវនេះ')])[1]</arg>
<kw name="Click Element" library="SeleniumLibrary">
<arg>${check}</arg>
<doc>Click the element identified by ``locator``.</doc>
<msg timestamp="20231028 01:08:38.665" level="INFO">Clicking element '(//p[@class='ladi-headline'][contains(text(),'ទិញ​ឥឡូវនេះ')])[1]'.</msg>
<status status="PASS" starttime="20231028 01:08:38.662" endtime="20231028 01:08:39.426"/>
</kw>
<status status="PASS" starttime="20231028 01:08:38.661" endtime="20231028 01:08:39.426"/>
</kw>
<kw name="Sleep" library="BuiltIn">
<arg>1sec</arg>
<doc>Pauses the test executed for the given time.</doc>
<msg timestamp="20231028 01:08:40.430" level="INFO">Slept 1 second</msg>
<status status="PASS" starttime="20231028 01:08:39.427" endtime="20231028 01:08:40.430"/>
</kw>
<kw name="Fill_in">
<arg>(//input[@placeholder='ប្រទេស​របស់​អ្នក'])[1]</arg>
<arg>${country}</arg>
<kw name="Input Text" library="SeleniumLibrary">
<arg>${txt_value}</arg>
<arg>${value}</arg>
<doc>Types the given ``text`` into the text field identified by ``locator``.</doc>
<msg timestamp="20231028 01:08:40.431" level="INFO">Typing text 'Uruguay' into text field '(//input[@placeholder='ប្រទេស​របស់​អ្នក'])[1]'.</msg>
<status status="PASS" starttime="20231028 01:08:40.430" endtime="20231028 01:08:41.545"/>
</kw>
<status status="PASS" starttime="20231028 01:08:40.430" endtime="20231028 01:08:41.545"/>
</kw>
<kw name="Fill_in">
<arg>(//input[@placeholder='នាមត្រកូល​និង​ឈ្មោះ'])[1]</arg>
<arg>${name}</arg>
<kw name="Input Text" library="SeleniumLibrary">
<arg>${txt_value}</arg>
<arg>${value}</arg>
<doc>Types the given ``text`` into the text field identified by ``locator``.</doc>
<msg timestamp="20231028 01:08:41.550" level="INFO">Typing text 'Teresa Stevenson' into text field '(//input[@placeholder='នាមត្រកូល​និង​ឈ្មោះ'])[1]'.</msg>
<status status="PASS" starttime="20231028 01:08:41.550" endtime="20231028 01:08:42.644"/>
</kw>
<status status="PASS" starttime="20231028 01:08:41.549" endtime="20231028 01:08:42.644"/>
</kw>
<kw name="Fill_in">
<arg>(//input[@placeholder='លេខទូរសព្ទ'])[1]</arg>
<arg>${phone}</arg>
<kw name="Input Text" library="SeleniumLibrary">
<arg>${txt_value}</arg>
<arg>${value}</arg>
<doc>Types the given ``text`` into the text field identified by ``locator``.</doc>
<msg timestamp="20231028 01:08:42.644" level="INFO">Typing text '414-200-9866' into text field '(//input[@placeholder='លេខទូរសព្ទ'])[1]'.</msg>
<status status="PASS" starttime="20231028 01:08:42.644" endtime="20231028 01:08:43.752"/>
</kw>
<status status="PASS" starttime="20231028 01:08:42.644" endtime="20231028 01:08:43.753"/>
</kw>
<kw name="Fill_in">
<arg>(//input[@placeholder='អាស័យដ្ឋាន'])[1]</arg>
<arg>${address}</arg>
<kw name="Input Text" library="SeleniumLibrary">
<arg>${txt_value}</arg>
<arg>${value}</arg>
<doc>Types the given ``text`` into the text field identified by ``locator``.</doc>
<msg timestamp="20231028 01:08:43.755" level="INFO">Typing text '0484 Hobbs Mountains Suite 807
North Stevenberg, GU 88436' into text field '(//input[@placeholder='អាស័យដ្ឋាន'])[1]'.</msg>
<status status="PASS" starttime="20231028 01:08:43.755" endtime="20231028 01:08:44.885"/>
</kw>
<status status="PASS" starttime="20231028 01:08:43.754" endtime="20231028 01:08:44.885"/>
</kw>
<kw name="check">
<arg>(//input[@value='ទិញ 1 តម្លៃ $69 + ដឹកជញ្ជូនឥតគិតថ្លៃ'])[1]</arg>
<kw name="Click Element" library="SeleniumLibrary">
<arg>${check}</arg>
<doc>Click the element identified by ``locator``.</doc>
<msg timestamp="20231028 01:08:44.887" level="INFO">Clicking element '(//input[@value='ទិញ 1 តម្លៃ $69 + ដឹកជញ្ជូនឥតគិតថ្លៃ'])[1]'.</msg>
<status status="PASS" starttime="20231028 01:08:44.886" endtime="20231028 01:08:45.572"/>
</kw>
<status status="PASS" starttime="20231028 01:08:44.885" endtime="20231028 01:08:45.572"/>
</kw>
<kw name="check">
<arg>(//input[@value='ទិញ 2 តំលៃ $99 + ដឹកជញ្ជូនឥតគិតថ្លៃ'])[1]</arg>
<kw name="Click Element" library="SeleniumLibrary">
<arg>${check}</arg>
<doc>Click the element identified by ``locator``.</doc>
<msg timestamp="20231028 01:08:45.576" level="INFO">Clicking element '(//input[@value='ទិញ 2 តំលៃ $99 + ដឹកជញ្ជូនឥតគិតថ្លៃ'])[1]'.</msg>
<status status="PASS" starttime="20231028 01:08:45.572" endtime="20231028 01:08:46.270"/>
</kw>
<status status="PASS" starttime="20231028 01:08:45.572" endtime="20231028 01:08:46.270"/>
</kw>
<kw name="check">
<arg>(//input[@value='ទិញ 3 តំលៃ $129 + ដឹកជញ្ជូនឥតគិតថ្លៃ'])[1]</arg>
<kw name="Click Element" library="SeleniumLibrary">
<arg>${check}</arg>
<doc>Click the element identified by ``locator``.</doc>
<msg timestamp="20231028 01:08:46.270" level="INFO">Clicking element '(//input[@value='ទិញ 3 តំលៃ $129 + ដឹកជញ្ជូនឥតគិតថ្លៃ'])[1]'.</msg>
<status status="PASS" starttime="20231028 01:08:46.270" endtime="20231028 01:08:46.979"/>
</kw>
<status status="PASS" starttime="20231028 01:08:46.270" endtime="20231028 01:08:46.979"/>
</kw>
<kw name="submit">
<arg>(//p[@class='ladi-headline'][contains(text(),'ទិញ​ឥឡូវនេះ')])[2]</arg>
<kw name="Click Element" library="SeleniumLibrary">
<arg>${btn_submit}</arg>
<doc>Click the element identified by ``locator``.</doc>
<msg timestamp="20231028 01:08:46.982" level="INFO">Clicking element '(//p[@class='ladi-headline'][contains(text(),'ទិញ​ឥឡូវនេះ')])[2]'.</msg>
<status status="PASS" starttime="20231028 01:08:46.980" endtime="20231028 01:08:47.756"/>
</kw>
<status status="PASS" starttime="20231028 01:08:46.979" endtime="20231028 01:08:47.756"/>
</kw>
<kw name="Wait Until Element Is Visible" library="SeleniumLibrary">
<arg>(//h3[contains(text(),'Thank you')])[1]</arg>
<doc>Waits until the element ``locator`` is visible.</doc>
<msg timestamp="20231028 01:08:53.512" level="INFO" html="true">&lt;/td&gt;&lt;/tr&gt;&lt;tr&gt;&lt;td colspan="3"&gt;&lt;a href="selenium-screenshot-1.png"&gt;&lt;img src="selenium-screenshot-1.png" width="800px"&gt;&lt;/a&gt;</msg>
<msg timestamp="20231028 01:08:53.514" level="FAIL">Element '(//h3[contains(text(),'Thank you')])[1]' not visible after 5 seconds.</msg>
<status status="FAIL" starttime="20231028 01:08:47.757" endtime="20231028 01:08:53.518"/>
</kw>
<kw name="Sleep" library="BuiltIn">
<arg>1sec</arg>
<doc>Pauses the test executed for the given time.</doc>
<status status="NOT RUN" starttime="20231028 01:08:53.518" endtime="20231028 01:08:53.518"/>
</kw>
<kw name="Go To" library="SeleniumLibrary">
<arg>${LOGIN URL}</arg>
<doc>Navigates the current browser window to the provided ``url``.</doc>
<status status="NOT RUN" starttime="20231028 01:08:53.518" endtime="20231028 01:08:53.518"/>
</kw>
<kw name="Sleep" library="BuiltIn">
<arg>1sec</arg>
<doc>Pauses the test executed for the given time.</doc>
<status status="NOT RUN" starttime="20231028 01:08:53.518" endtime="20231028 01:08:53.518"/>
</kw>
<status status="FAIL" starttime="20231028 01:08:37.649" endtime="20231028 01:08:53.518"/>
</iter>
<status status="FAIL" starttime="20231028 01:08:37.649" endtime="20231028 01:08:53.518"/>
</while>
<status status="FAIL" starttime="20231028 01:08:25.011" endtime="20231028 01:08:53.518">Element '(//h3[contains(text(),'Thank you')])[1]' not visible after 5 seconds.</status>
</test>
<doc>Phone Charger</doc>
<status status="FAIL" starttime="20231028 01:08:23.775" endtime="20231028 01:08:53.525"/>
</suite>
<status status="FAIL" starttime="20231028 01:08:23.755" endtime="20231028 01:08:53.528"/>
</suite>
<statistics>
<total>
<stat pass="0" fail="1" skip="0">All Tasks</stat>
</total>
<tag>
</tag>
<suite>
<stat pass="0" fail="1" skip="0" id="s1" name="Rolex">Rolex</stat>
<stat pass="0" fail="1" skip="0" id="s1-s1" name="Rolex">Rolex.Rolex</stat>
</suite>
</statistics>
<errors>
</errors>
</robot>
